<?xml version="1.0" encoding="UTF-8"?>
<testng-results ignored="0" total="3" passed="3" failed="0" skipped="0">
  <reporter-output>
  </reporter-output>
  <suite started-at="2026-04-02T12:56:29 IST" name="Default suite" finished-at="2026-04-02T12:56:35 IST" duration-ms="6076">
    <groups>
    </groups>
    <test started-at="2026-04-02T12:56:29 IST" name="Default test" finished-at="2026-04-02T12:56:35 IST" duration-ms="6076">
      <class name="LibraryAPI">
        <test-method signature="test(java.lang.String,java.lang.String)[pri:0, instance:LibraryAPI@3c19aaa5]" started-at="2026-04-02T12:56:29 IST" name="test" data-provider="BooksData" finished-at="2026-04-02T12:56:35 IST" duration-ms="5617" status="PASS">
          <params>
            <param index="0">
              <value>
                <![CDATA[Tharun]]>
              </value>
            </param>
            <param index="1">
              <value>
                <![CDATA[1111]]>
              </value>
            </param>
          </params>
          <reporter-output>
          </reporter-output>
        </test-method> <!-- test -->
        <test-method signature="test(java.lang.String,java.lang.String)[pri:0, instance:LibraryAPI@3c19aaa5]" started-at="2026-04-02T12:56:35 IST" name="test" data-provider="BooksData" finished-at="2026-04-02T12:56:35 IST" duration-ms="169" status="PASS">
          <params>
            <param index="0">
              <value>
                <![CDATA[Jayanthi]]>
              </value>
            </param>
            <param index="1">
              <value>
                <![CDATA[2222]]>
              </value>
            </param>
          </params>
          <reporter-output>
          </reporter-output>
        </test-method> <!-- test -->
        <test-method signature="test(java.lang.String,java.lang.String)[pri:0, instance:LibraryAPI@3c19aaa5]" started-at="2026-04-02T12:56:35 IST" name="test" data-provider="BooksData" finished-at="2026-04-02T12:56:35 IST" duration-ms="177" status="PASS">
          <params>
            <param index="0">
              <value>
                <![CDATA[Sindhu]]>
              </value>
            </param>
            <param index="1">
              <value>
                <![CDATA[3333]]>
              </value>
            </param>
          </params>
          <reporter-output>
          </reporter-output>
        </test-method> <!-- test -->
      </class> <!-- LibraryAPI -->
    </test> <!-- Default test -->
  </suite> <!-- Default suite -->
</testng-results>
